0 info it worked if it ends with ok
1 verbose cli [ 'node',
1 verbose cli   '/usr/local/bin/npm',
1 verbose cli   'install',
1 verbose cli   '--save',
1 verbose cli   'ejs',
1 verbose cli   'body-parser',
1 verbose cli   'methodOverride' ]
2 info using npm@1.4.28
3 info using node@v0.10.35
4 warn package.json classmates_app@1.0.0 No description
5 warn package.json classmates_app@1.0.0 No repository field.
6 warn package.json classmates_app@1.0.0 No README data
7 verbose readDependencies using package.json deps
8 verbose cache add [ 'ejs', null ]
9 verbose cache add name=undefined spec="ejs" args=["ejs",null]
10 verbose parsed url { protocol: null,
10 verbose parsed url   slashes: null,
10 verbose parsed url   auth: null,
10 verbose parsed url   host: null,
10 verbose parsed url   port: null,
10 verbose parsed url   hostname: null,
10 verbose parsed url   hash: null,
10 verbose parsed url   search: null,
10 verbose parsed url   query: null,
10 verbose parsed url   pathname: 'ejs',
10 verbose parsed url   path: 'ejs',
10 verbose parsed url   href: 'ejs' }
11 verbose cache add [ 'body-parser', null ]
12 verbose cache add name=undefined spec="body-parser" args=["body-parser",null]
13 verbose parsed url { protocol: null,
13 verbose parsed url   slashes: null,
13 verbose parsed url   auth: null,
13 verbose parsed url   host: null,
13 verbose parsed url   port: null,
13 verbose parsed url   hostname: null,
13 verbose parsed url   hash: null,
13 verbose parsed url   search: null,
13 verbose parsed url   query: null,
13 verbose parsed url   pathname: 'body-parser',
13 verbose parsed url   path: 'body-parser',
13 verbose parsed url   href: 'body-parser' }
14 verbose cache add [ 'methodOverride', null ]
15 verbose cache add name=undefined spec="methodOverride" args=["methodOverride",null]
16 verbose parsed url { protocol: null,
16 verbose parsed url   slashes: null,
16 verbose parsed url   auth: null,
16 verbose parsed url   host: null,
16 verbose parsed url   port: null,
16 verbose parsed url   hostname: null,
16 verbose parsed url   hash: null,
16 verbose parsed url   search: null,
16 verbose parsed url   query: null,
16 verbose parsed url   pathname: 'methodOverride',
16 verbose parsed url   path: 'methodOverride',
16 verbose parsed url   href: 'methodOverride' }
17 silly lockFile 75eeca8f-ejs ejs
18 verbose lock ejs /Users/brett/.npm/75eeca8f-ejs.lock
19 silly lockFile 14cf125c-body-parser body-parser
20 verbose lock body-parser /Users/brett/.npm/14cf125c-body-parser.lock
21 silly lockFile 106534e5-methodOverride methodOverride
22 verbose lock methodOverride /Users/brett/.npm/106534e5-methodOverride.lock
23 silly lockFile 75eeca8f-ejs ejs
24 silly lockFile 75eeca8f-ejs ejs
25 silly lockFile 106534e5-methodOverride methodOverride
26 silly lockFile 106534e5-methodOverride methodOverride
27 silly lockFile 14cf125c-body-parser body-parser
28 silly lockFile 14cf125c-body-parser body-parser
29 verbose addNamed [ 'ejs', '' ]
30 verbose addNamed [ null, '*' ]
31 silly lockFile bcdf6e5f-ejs ejs@
32 verbose lock ejs@ /Users/brett/.npm/bcdf6e5f-ejs.lock
33 verbose addNamed [ 'methodOverride', '' ]
34 verbose addNamed [ null, '*' ]
35 silly lockFile 70c5ec60-methodOverride methodOverride@
36 verbose lock methodOverride@ /Users/brett/.npm/70c5ec60-methodOverride.lock
37 verbose addNamed [ 'body-parser', '' ]
38 verbose addNamed [ null, '*' ]
39 silly lockFile 9f665704-body-parser body-parser@
40 verbose lock body-parser@ /Users/brett/.npm/9f665704-body-parser.lock
41 silly addNameRange { name: 'ejs', range: '*', hasData: false }
42 silly addNameRange { name: 'methodOverride', range: '*', hasData: false }
43 verbose request where is /methodOverride
44 verbose request registry https://registry.npmjs.org/
45 verbose request id b90bfbfec6f5fbf5
46 verbose url raw /methodOverride
47 verbose url resolving [ 'https://registry.npmjs.org/', './methodOverride' ]
48 verbose url resolved https://registry.npmjs.org/methodOverride
49 verbose request where is https://registry.npmjs.org/methodOverride
50 info trying registry request attempt 1 at 21:52:15
51 http GET https://registry.npmjs.org/methodOverride
52 silly addNameRange { name: 'body-parser', range: '*', hasData: false }
53 verbose request where is /ejs
54 verbose request registry https://registry.npmjs.org/
55 verbose url raw /ejs
56 verbose url resolving [ 'https://registry.npmjs.org/', './ejs' ]
57 verbose url resolved https://registry.npmjs.org/ejs
58 verbose request where is https://registry.npmjs.org/ejs
59 info trying registry request attempt 1 at 21:52:15
60 verbose etag "2CSWPRJKXDYI2G8E1BFYHG4KO"
61 http GET https://registry.npmjs.org/ejs
62 verbose request where is /body-parser
63 verbose request registry https://registry.npmjs.org/
64 verbose url raw /body-parser
65 verbose url resolving [ 'https://registry.npmjs.org/', './body-parser' ]
66 verbose url resolved https://registry.npmjs.org/body-parser
67 verbose request where is https://registry.npmjs.org/body-parser
68 info trying registry request attempt 1 at 21:52:15
69 verbose etag "3L5NM3ETWJXMUFHATJ3LEONQP"
70 http GET https://registry.npmjs.org/body-parser
71 http 404 https://registry.npmjs.org/methodOverride
72 verbose headers { date: 'Tue, 31 Mar 2015 04:52:16 GMT',
72 verbose headers   server: 'CouchDB/1.5.0 (Erlang OTP/R16B03)',
72 verbose headers   'content-type': 'application/json',
72 verbose headers   'cache-control': 'max-age=0',
72 verbose headers   'content-length': '51',
72 verbose headers   'accept-ranges': 'bytes',
72 verbose headers   via: '1.1 varnish',
72 verbose headers   age: '0',
72 verbose headers   'x-served-by': 'cache-sjc3135-SJC',
72 verbose headers   'x-cache': 'MISS',
72 verbose headers   'x-cache-hits': '0',
72 verbose headers   'x-timer': 'S1427777535.933213,VS0,VE155',
72 verbose headers   'keep-alive': 'timeout=10, max=50',
72 verbose headers   connection: 'Keep-Alive' }
73 silly registry.get cb [ 404,
73 silly registry.get   { date: 'Tue, 31 Mar 2015 04:52:16 GMT',
73 silly registry.get     server: 'CouchDB/1.5.0 (Erlang OTP/R16B03)',
73 silly registry.get     'content-type': 'application/json',
73 silly registry.get     'cache-control': 'max-age=0',
73 silly registry.get     'content-length': '51',
73 silly registry.get     'accept-ranges': 'bytes',
73 silly registry.get     via: '1.1 varnish',
73 silly registry.get     age: '0',
73 silly registry.get     'x-served-by': 'cache-sjc3135-SJC',
73 silly registry.get     'x-cache': 'MISS',
73 silly registry.get     'x-cache-hits': '0',
73 silly registry.get     'x-timer': 'S1427777535.933213,VS0,VE155',
73 silly registry.get     'keep-alive': 'timeout=10, max=50',
73 silly registry.get     connection: 'Keep-Alive' } ]
74 silly lockFile 70c5ec60-methodOverride methodOverride@
75 silly lockFile 70c5ec60-methodOverride methodOverride@
76 http 200 https://registry.npmjs.org/body-parser
77 silly registry.get cb [ 200,
77 silly registry.get   { date: 'Tue, 31 Mar 2015 04:52:15 GMT',
77 silly registry.get     server: 'CouchDB/1.5.0 (Erlang OTP/R16B03)',
77 silly registry.get     etag: '"BQ1KMHB0RACXKMRDS701K7N6U"',
77 silly registry.get     'content-type': 'application/json',
77 silly registry.get     'cache-control': 'max-age=60',
77 silly registry.get     'content-length': '90698',
77 silly registry.get     'accept-ranges': 'bytes',
77 silly registry.get     via: '1.1 varnish',
77 silly registry.get     age: '27',
77 silly registry.get     'x-served-by': 'cache-sjc3133-SJC',
77 silly registry.get     'x-cache': 'HIT',
77 silly registry.get     'x-cache-hits': '1',
77 silly registry.get     'x-timer': 'S1427777535.887113,VS0,VE1',
77 silly registry.get     vary: 'Accept',
77 silly registry.get     'keep-alive': 'timeout=10, max=50',
77 silly registry.get     connection: 'Keep-Alive' } ]
78 http 200 https://registry.npmjs.org/ejs
79 silly registry.get cb [ 200,
79 silly registry.get   { date: 'Tue, 31 Mar 2015 04:52:16 GMT',
79 silly registry.get     server: 'CouchDB/1.5.0 (Erlang OTP/R16B03)',
79 silly registry.get     etag: '"3WHTP09A5ITO6OPABJJNLJWDQ"',
79 silly registry.get     'content-type': 'application/json',
79 silly registry.get     'cache-control': 'max-age=60',
79 silly registry.get     'content-length': '45002',
79 silly registry.get     'accept-ranges': 'bytes',
79 silly registry.get     via: '1.1 varnish',
79 silly registry.get     age: '0',
79 silly registry.get     'x-served-by': 'cache-sjc3127-SJC',
79 silly registry.get     'x-cache': 'HIT',
79 silly registry.get     'x-cache-hits': '1',
79 silly registry.get     'x-timer': 'S1427777535.879081,VS0,VE350',
79 silly registry.get     vary: 'Accept',
79 silly registry.get     'keep-alive': 'timeout=10, max=50',
79 silly registry.get     connection: 'Keep-Alive' } ]
80 silly addNameRange number 2 { name: 'body-parser', range: '*', hasData: true }
81 silly addNameRange versions [ 'body-parser',
81 silly addNameRange   [ '1.0.0',
81 silly addNameRange     '1.0.1',
81 silly addNameRange     '1.0.2',
81 silly addNameRange     '1.1.0',
81 silly addNameRange     '1.1.1',
81 silly addNameRange     '1.1.2',
81 silly addNameRange     '1.2.0',
81 silly addNameRange     '1.2.1',
81 silly addNameRange     '1.2.2',
81 silly addNameRange     '1.3.0',
81 silly addNameRange     '1.3.1',
81 silly addNameRange     '1.4.0',
81 silly addNameRange     '1.4.1',
81 silly addNameRange     '1.4.2',
81 silly addNameRange     '1.4.3',
81 silly addNameRange     '1.5.0',
81 silly addNameRange     '1.5.1',
81 silly addNameRange     '1.5.2',
81 silly addNameRange     '1.6.0',
81 silly addNameRange     '1.6.1',
81 silly addNameRange     '1.6.2',
81 silly addNameRange     '1.6.3',
81 silly addNameRange     '1.6.4',
81 silly addNameRange     '1.6.5',
81 silly addNameRange     '1.6.6',
81 silly addNameRange     '1.6.7',
81 silly addNameRange     '1.7.0',
81 silly addNameRange     '1.8.0',
81 silly addNameRange     '1.8.1',
81 silly addNameRange     '1.8.2',
81 silly addNameRange     '1.8.3',
81 silly addNameRange     '1.8.4',
81 silly addNameRange     '1.9.0',
81 silly addNameRange     '1.9.1',
81 silly addNameRange     '1.9.2',
81 silly addNameRange     '1.9.3',
81 silly addNameRange     '1.10.0',
81 silly addNameRange     '1.10.1',
81 silly addNameRange     '1.10.2',
81 silly addNameRange     '1.11.0',
81 silly addNameRange     '1.12.0',
81 silly addNameRange     '1.12.1',
81 silly addNameRange     '1.12.2' ] ]
82 verbose addNamed [ 'body-parser', '1.12.2' ]
83 verbose addNamed [ '1.12.2', '1.12.2' ]
84 silly lockFile 76f09536-body-parser-1-12-2 body-parser@1.12.2
85 verbose lock body-parser@1.12.2 /Users/brett/.npm/76f09536-body-parser-1-12-2.lock
86 silly addNameRange number 2 { name: 'ejs', range: '*', hasData: true }
87 silly addNameRange versions [ 'ejs',
87 silly addNameRange   [ '0.0.1',
87 silly addNameRange     '0.0.2',
87 silly addNameRange     '0.0.3',
87 silly addNameRange     '0.0.4',
87 silly addNameRange     '0.1.0',
87 silly addNameRange     '0.2.0',
87 silly addNameRange     '0.2.1',
87 silly addNameRange     '0.3.0',
87 silly addNameRange     '0.3.1',
87 silly addNameRange     '0.4.0',
87 silly addNameRange     '0.4.1',
87 silly addNameRange     '0.4.2',
87 silly addNameRange     '0.4.3',
87 silly addNameRange     '0.5.0',
87 silly addNameRange     '0.6.0',
87 silly addNameRange     '0.6.1',
87 silly addNameRange     '0.7.0',
87 silly addNameRange     '0.7.1',
87 silly addNameRange     '0.7.2',
87 silly addNameRange     '0.8.0',
87 silly addNameRange     '0.8.1',
87 silly addNameRange     '0.8.2',
87 silly addNameRange     '0.8.3',
87 silly addNameRange     '0.8.4',
87 silly addNameRange     '0.8.5',
87 silly addNameRange     '0.8.6',
87 silly addNameRange     '0.8.8',
87 silly addNameRange     '1.0.0',
87 silly addNameRange     '2.0.2',
87 silly addNameRange     '2.0.3',
87 silly addNameRange     '2.0.4',
87 silly addNameRange     '2.0.5',
87 silly addNameRange     '2.0.6',
87 silly addNameRange     '2.0.7',
87 silly addNameRange     '2.0.8',
87 silly addNameRange     '2.1.1',
87 silly addNameRange     '2.1.2',
87 silly addNameRange     '2.1.3',
87 silly addNameRange     '2.1.4',
87 silly addNameRange     '2.2.1',
87 silly addNameRange     '2.2.2',
87 silly addNameRange     '2.2.3',
87 silly addNameRange     '2.2.4',
87 silly addNameRange     '2.3.1' ] ]
88 verbose addNamed [ 'ejs', '2.3.1' ]
89 verbose addNamed [ '2.3.1', '2.3.1' ]
90 silly lockFile 823d5f08-ejs-2-3-1 ejs@2.3.1
91 verbose lock ejs@2.3.1 /Users/brett/.npm/823d5f08-ejs-2-3-1.lock
92 silly lockFile 9a22e482-dy-parser-body-parser-1-12-2-tgz https://registry.npmjs.org/body-parser/-/body-parser-1.12.2.tgz
93 verbose lock https://registry.npmjs.org/body-parser/-/body-parser-1.12.2.tgz /Users/brett/.npm/9a22e482-dy-parser-body-parser-1-12-2-tgz.lock
94 verbose addRemoteTarball [ 'https://registry.npmjs.org/body-parser/-/body-parser-1.12.2.tgz',
94 verbose addRemoteTarball   '698368fb4dfc57a05bff1ddb1bebeba3bd2c0e87' ]
95 silly lockFile 823d5f08-ejs-2-3-1 ejs@2.3.1
96 silly lockFile 823d5f08-ejs-2-3-1 ejs@2.3.1
97 silly lockFile bcdf6e5f-ejs ejs@
98 silly lockFile bcdf6e5f-ejs ejs@
99 info retry fetch attempt 1 at 21:52:16
100 verbose fetch to= /var/folders/v0/xcp6bg_53xg3ywr54cdydm_40000gn/T/npm-29907-cDYXAaGs/registry.npmjs.org/body-parser/-/body-parser-1.12.2.tgz
101 http GET https://registry.npmjs.org/body-parser/-/body-parser-1.12.2.tgz
102 http 200 https://registry.npmjs.org/body-parser/-/body-parser-1.12.2.tgz
103 silly lockFile 9a22e482-dy-parser-body-parser-1-12-2-tgz https://registry.npmjs.org/body-parser/-/body-parser-1.12.2.tgz
104 silly lockFile 9a22e482-dy-parser-body-parser-1-12-2-tgz https://registry.npmjs.org/body-parser/-/body-parser-1.12.2.tgz
105 silly lockFile 76f09536-body-parser-1-12-2 body-parser@1.12.2
106 silly lockFile 76f09536-body-parser-1-12-2 body-parser@1.12.2
107 silly lockFile 9f665704-body-parser body-parser@
108 silly lockFile 9f665704-body-parser body-parser@
109 error 404 404 Not Found: methodOverride
109 error 404
109 error 404 'methodOverride' is not in the npm registry.
109 error 404 You should bug the author to publish it
109 error 404 It was specified as a dependency of 'classmates_app'
109 error 404
109 error 404 Note that you can also install from a
109 error 404 tarball, folder, or http url, or git url.
110 error System Darwin 14.1.0
111 error command "node" "/usr/local/bin/npm" "install" "--save" "ejs" "body-parser" "methodOverride"
112 error cwd /Users/brett/Dropbox/Dev/GA/sf-wdi-17/express_examples/classmates_app
113 error node -v v0.10.35
114 error npm -v 1.4.28
115 error code E404
116 verbose exit [ 1, true ]
